<?xml version="1.0" encoding="UTF-8"?>
<!-- Generated by org.testng.reporters.JUnitReportReporter -->
<testsuite hostname="LAPTOP-2SVP89DB" failures="0" tests="1" name="com.qa.testscripts.TestCase1" time="9.968" errors="0" timestamp="2024-08-03T15:41:54 IST" skipped="0">
  <testcase classname="com.qa.testscripts.TestCase1" name="URL" time="9.968"/>
</testsuite> <!-- com.qa.testscripts.TestCase1 -->
